2019-10-16 21:17:53 - Starting C:\Program Files\nodejs\node.exe  --harmony --max_old_space_size=4096 C:\Users\ghassan.elnemr\AppData\Roaming\npm\node_modules\node-windows\lib\wrapper.js --file C:\Sensors\tcp.js --log "Temp-Humidity Watcher wrapper" --grow 0.25 --wait 1 --maxrestarts 3 --abortonerror n --stopparentfirst undefined
2019-10-16 21:17:53 - Started 8968
2019-10-16 21:18:02 - Starting C:\Program Files\nodejs\node.exe  --harmony --max_old_space_size=4096 C:\Users\ghassan.elnemr\AppData\Roaming\npm\node_modules\node-windows\lib\wrapper.js --file C:\Sensors\tcp.js --log "Temp-Humidity Watcher wrapper" --grow 0.25 --wait 1 --maxrestarts 3 --abortonerror n --stopparentfirst undefined
2019-10-16 21:18:02 - Started 9464
2019-10-16 21:21:59 - Starting C:\Program Files\nodejs\node.exe  --harmony --max_old_space_size=4096 C:\Users\ghassan.elnemr\AppData\Roaming\npm\node_modules\node-windows\lib\wrapper.js --file C:\Sensors\tcp.js --log "Temp-Humidity Watcher wrapper" --grow 0.25 --wait 1 --maxrestarts 3 --abortonerror n --stopparentfirst undefined
2019-10-16 21:22:00 - Started 2964
2019-10-16 21:37:47 - Starting C:\Program Files\nodejs\node.exe  --harmony --max_old_space_size=4096 C:\Users\ghassan.elnemr\AppData\Roaming\npm\node_modules\node-windows\lib\wrapper.js --file C:\Sensors\tcp.js --log "Temp-Humidity Watcher wrapper" --grow 0.25 --wait 1 --maxrestarts 3 --abortonerror n --stopparentfirst undefined
2019-10-16 21:37:47 - Started 4432
2019-10-16 21:57:24 - Stopping temphumiditywatcher.exe
2019-10-16 21:57:24 - ProcessKill 4432
2019-10-16 21:57:24 - Found child process: 1504 Name: conhost.exe
2019-10-16 21:57:24 - Found child process: 9100 Name: node.exe
2019-10-16 21:57:24 - Stopping process 1504
2019-10-16 21:57:24 - Send SIGINT 1504
2019-10-16 21:57:24 - SIGINT to 1504 failed - Killing as fallback
2019-10-16 21:57:24 - Stopping process 9100
2019-10-16 21:57:24 - Send SIGINT 9100
2019-10-16 21:57:24 - SIGINT to 9100 failed - Killing as fallback
2019-10-16 21:57:24 - Stopping process 4432
2019-10-16 21:57:24 - Send SIGINT 4432
2019-10-16 21:57:24 - SIGINT to 4432 failed - Killing as fallback
2019-10-16 21:57:24 - Finished temphumiditywatcher.exe
2019-10-16 22:04:33 - Starting C:\Program Files\nodejs\node.exe  --harmony --max_old_space_size=4096 C:\Users\ghassan.elnemr\AppData\Roaming\npm\node_modules\node-windows\lib\wrapper.js --file C:\Sensors\tcp.js --log "Temp-Humidity Watcher wrapper" --grow 0.25 --wait 1 --maxrestarts 3 --abortonerror n --stopparentfirst undefined
2019-10-16 22:04:33 - Started 7972
